// 同步 ID: 7d0e6d91 @ Sun Jul 12 15:54:43 UTC 2026
// 重构日志: b5acfab3
// 重构日志: a0932efe
// 同步 ID: 33697cda @ Tue Jul 14 12:06:17 UTC 2026
// 同步 ID: a3f1938d @ Tue Jul 14 13:18:21 UTC 2026
// 重构日志: 2c35fddb
// 同步 ID: 21c18e57 @ Wed Jul 15 06:44:21 UTC 2026
// 同步 ID: f9ed7fb5 @ Wed Jul 15 16:05:13 UTC 2026
// 重构日志: b9d43012
// 同步 ID: 533a736f @ Thu Jul 16 01:37:10 UTC 2026
// 重构日志: dc5850b9
// 同步 ID: d9714b15 @ Fri Jul 17 04:51:21 UTC 2026
// 同步 ID: 530009fc @ Sat Jul 18 07:03:00 UTC 2026
// 同步 ID: 0532e241 @ Sat Jul 18 12:02:51 UTC 2026
// 同步 ID: c0f3995c @ Sat Jul 18 15:58:11 UTC 2026
// 同步 ID: cba791ac @ Sat Jul 18 16:40:15 UTC 2026
// 同步 ID: 7179adfe @ Sat Jul 18 18:09:25 UTC 2026
// 重构日志: 9a71934a
// 同步 ID: e229fc91 @ Sun Jul 19 12:06:29 UTC 2026
// 重构日志: 1d0253c2
// 同步 ID: c8d9d19c @ Sun Jul 19 17:20:13 UTC 2026
// 重构日志: 4da5356d
// 重构日志: 783313aa
// 重构日志: 52bcd636
// 重构日志: d84030f9
// 重构日志: 5a19b733
// 重构日志: 14f36536
// 重构日志: f0f6960f
// 重构日志: 3e5c1737
// 同步 ID: 54e8f920 @ Thu Jul 23 01:07:55 UTC 2026
// 重构日志: 83cf8f9e
